2021-10-08 15:17:58,126:INFO:PyCaret Supervised Module
2021-10-08 15:17:58,127:INFO:ML Usecase: clustering
2021-10-08 15:17:58,127:INFO:version 2.3.3
2021-10-08 15:17:58,127:INFO:Initializing setup()
2021-10-08 15:17:58,127:INFO:setup(target=None, ml_usecase=clustering, available_plots={'cluster': 'Cluster PCA Plot (2d)', 'tsne': 'Cluster TSnE (3d)', 'elbow': 'Elbow', 'silhouette': 'Silhouette', 'distance': 'Distance', 'distribution': 'Distribution'}, train_size=0.7, test_data=None, preprocess=True, imputation_type=simple, iterative_imputation_iters=5, categorical_features=None, categorical_imputation=mode, categorical_iterative_imputer=lightgbm, ordinal_features=None, high_cardinality_features=None, high_cardinality_method=frequency, numeric_features=None, numeric_imputation=mean, numeric_iterative_imputer=lightgbm, date_features=None, ignore_features=None, normalize=False, normalize_method=zscore, transformation=False, transformation_method=yeo-johnson, handle_unknown_categorical=True, unknown_categorical_method=least_frequent, pca=False, pca_method=linear, pca_components=None, ignore_low_variance=False, combine_rare_levels=False, rare_level_threshold=0.1, bin_numeric_features=None, remove_outliers=False, outliers_threshold=0.05, remove_multicollinearity=False, multicollinearity_threshold=0.9, remove_perfect_collinearity=False, create_clusters=False, cluster_iter=20, polynomial_features=False, polynomial_degree=2, trigonometry_features=False, polynomial_threshold=0.1, group_features=None, group_names=None, feature_selection=False, feature_selection_threshold=0.8, feature_selection_method=classic, feature_interaction=False, feature_ratio=False, interaction_threshold=0.01, fix_imbalance=False, fix_imbalance_method=None, transform_target=False, transform_target_method=box-cox, data_split_shuffle=False, data_split_stratify=False, fold_strategy=kfold, fold=10, fold_shuffle=False, fold_groups=None, n_jobs=-1, use_gpu=False, custom_pipeline=None, html=True, session_id=None, log_experiment=False, experiment_name=None, log_plots=False, log_profile=False, log_data=False, silent=True, verbose=True, profile=True, profile_kwargs=None, display=None)
2021-10-08 15:17:58,128:INFO:Checking environment
2021-10-08 15:17:58,128:INFO:python_version: 3.8.11
2021-10-08 15:17:58,128:INFO:python_build: ('default', 'Aug  6 2021 09:57:55')
2021-10-08 15:17:58,128:INFO:machine: AMD64
2021-10-08 15:17:58,176:INFO:platform: Windows-10-10.0.19042-SP0
2021-10-08 15:17:58,176:INFO:Memory: svmem(total=8192634880, available=619003904, percent=92.4, used=7573630976, free=619003904)
2021-10-08 15:17:58,176:INFO:Physical Core: 2
2021-10-08 15:17:58,176:INFO:Logical Core: 4
2021-10-08 15:17:58,176:INFO:Checking libraries
2021-10-08 15:17:58,177:INFO:pd==1.3.2
2021-10-08 15:17:58,177:INFO:numpy==1.19.5
2021-10-08 15:17:58,177:INFO:sklearn==0.23.2
2021-10-08 15:17:58,177:INFO:lightgbm==3.2.1
2021-10-08 15:17:58,183:WARNING:catboost not found
2021-10-08 15:17:58,185:WARNING:xgboost not found
2021-10-08 15:17:59,875:INFO:mlflow==1.17.0
2021-10-08 15:17:59,875:INFO:Checking Exceptions
2021-10-08 15:17:59,875:INFO:Declaring global variables
2021-10-08 15:17:59,876:INFO:USI: d1c4
2021-10-08 15:17:59,876:INFO:pycaret_globals: {'master_model_container', 'fold_generator', 'experiment__', 'n_jobs_param', 'seed', 'fix_imbalance_method_param', 'fold_param', 'exp_name_log', 'log_plots_param', '_all_models', '_all_metrics', 'imputation_regressor', 'html_param', 'transform_target_method_param', 'USI', 'fix_imbalance_param', 'fold_groups_param', '_internal_pipeline', 'stratify_param', 'pycaret_globals', 'X', 'prep_pipe', 'gpu_param', 'display_container', 'fold_groups_param_full', 'data_before_preprocess', '_available_plots', 'logging_param', '_ml_usecase', 'imputation_classifier', 'fold_shuffle_param', '_gpu_n_jobs_param', 'create_model_container', 'iterative_imputation_iters_param', 'target_param', '_all_models_internal', 'transform_target_param'}
2021-10-08 15:17:59,876:INFO:Preparing display monitor
2021-10-08 15:17:59,876:INFO:Preparing display monitor
2021-10-08 15:17:59,934:INFO:Importing libraries
2021-10-08 15:17:59,935:INFO:Copying data for preprocessing
2021-10-08 15:17:59,974:INFO:Declaring preprocessing parameters
2021-10-08 15:17:59,984:INFO:Creating preprocessing pipeline
2021-10-08 15:18:00,000:INFO:Preprocessing pipeline created successfully
2021-10-08 15:18:00,000:ERROR:(Process Exit): setup has been interupted with user command 'quit'. setup must rerun.
2021-10-08 15:18:00,000:INFO:Creating global containers
2021-10-08 15:18:00,002:INFO:Internal pipeline: Pipeline(memory=None, steps=[('empty_step', 'passthrough')], verbose=False)
2021-10-08 15:18:00,135:INFO:Creating grid variables
2021-10-08 15:18:08,693:INFO:create_model_container: 0
2021-10-08 15:18:08,693:INFO:master_model_container: 0
2021-10-08 15:18:08,693:INFO:display_container: 1
2021-10-08 15:18:08,700:INFO:Pipeline(memory=None,
         steps=[('dtypes',
                 DataTypes_Auto_infer(categorical_features=[],
                                      display_types=False, features_todrop=[],
                                      id_columns=['CustomerID'],
                                      ml_usecase='regression',
                                      numerical_features=[],
                                      target='UNSUPERVISED_DUMMY_TARGET',
                                      time_features=[])),
                ('imputer',
                 Simple_Imputer(categorical_strategy='most frequent',
                                fill_value_categorical=None,
                                fill_value_n...
                ('scaling', 'passthrough'), ('P_transform', 'passthrough'),
                ('binn', 'passthrough'), ('rem_outliers', 'passthrough'),
                ('cluster_all', 'passthrough'),
                ('dummy', Dummify(target='UNSUPERVISED_DUMMY_TARGET')),
                ('fix_perfect', 'passthrough'),
                ('clean_names', Clean_Colum_Names()),
                ('feature_select', 'passthrough'), ('fix_multi', 'passthrough'),
                ('dfs', 'passthrough'), ('pca', 'passthrough')],
         verbose=False)
2021-10-08 15:18:08,700:INFO:setup() succesfully completed......................................
2021-10-08 15:18:33,212:INFO:PyCaret Supervised Module
2021-10-08 15:18:33,213:INFO:ML Usecase: clustering
2021-10-08 15:18:33,214:INFO:version 2.3.3
2021-10-08 15:18:33,214:INFO:Initializing setup()
2021-10-08 15:18:33,214:INFO:setup(target=None, ml_usecase=clustering, available_plots={'cluster': 'Cluster PCA Plot (2d)', 'tsne': 'Cluster TSnE (3d)', 'elbow': 'Elbow', 'silhouette': 'Silhouette', 'distance': 'Distance', 'distribution': 'Distribution'}, train_size=0.7, test_data=None, preprocess=True, imputation_type=simple, iterative_imputation_iters=5, categorical_features=None, categorical_imputation=mode, categorical_iterative_imputer=lightgbm, ordinal_features=None, high_cardinality_features=None, high_cardinality_method=frequency, numeric_features=None, numeric_imputation=mean, numeric_iterative_imputer=lightgbm, date_features=None, ignore_features=None, normalize=False, normalize_method=zscore, transformation=False, transformation_method=yeo-johnson, handle_unknown_categorical=True, unknown_categorical_method=least_frequent, pca=False, pca_method=linear, pca_components=None, ignore_low_variance=False, combine_rare_levels=False, rare_level_threshold=0.1, bin_numeric_features=None, remove_outliers=False, outliers_threshold=0.05, remove_multicollinearity=False, multicollinearity_threshold=0.9, remove_perfect_collinearity=False, create_clusters=False, cluster_iter=20, polynomial_features=False, polynomial_degree=2, trigonometry_features=False, polynomial_threshold=0.1, group_features=None, group_names=None, feature_selection=False, feature_selection_threshold=0.8, feature_selection_method=classic, feature_interaction=False, feature_ratio=False, interaction_threshold=0.01, fix_imbalance=False, fix_imbalance_method=None, transform_target=False, transform_target_method=box-cox, data_split_shuffle=False, data_split_stratify=False, fold_strategy=kfold, fold=10, fold_shuffle=False, fold_groups=None, n_jobs=-1, use_gpu=False, custom_pipeline=None, html=True, session_id=None, log_experiment=False, experiment_name=None, log_plots=False, log_profile=False, log_data=False, silent=True, verbose=True, profile=False, profile_kwargs=None, display=None)
2021-10-08 15:18:33,214:INFO:Checking environment
2021-10-08 15:18:33,214:INFO:python_version: 3.8.11
2021-10-08 15:18:33,215:INFO:python_build: ('default', 'Aug  6 2021 09:57:55')
2021-10-08 15:18:33,215:INFO:machine: AMD64
2021-10-08 15:18:33,215:INFO:platform: Windows-10-10.0.19042-SP0
2021-10-08 15:18:33,215:INFO:Memory: svmem(total=8192634880, available=792289280, percent=90.3, used=7400345600, free=792289280)
2021-10-08 15:18:33,215:INFO:Physical Core: 2
2021-10-08 15:18:33,215:INFO:Logical Core: 4
2021-10-08 15:18:33,215:INFO:Checking libraries
2021-10-08 15:18:33,215:INFO:pd==1.3.2
2021-10-08 15:18:33,215:INFO:numpy==1.19.5
2021-10-08 15:18:33,216:INFO:sklearn==0.23.2
2021-10-08 15:18:33,216:INFO:lightgbm==3.2.1
2021-10-08 15:18:33,220:WARNING:catboost not found
2021-10-08 15:18:33,222:WARNING:xgboost not found
2021-10-08 15:18:33,223:INFO:mlflow==1.17.0
2021-10-08 15:18:33,223:INFO:Checking Exceptions
2021-10-08 15:18:33,223:INFO:Declaring global variables
2021-10-08 15:18:33,223:INFO:USI: 4959
2021-10-08 15:18:33,223:INFO:pycaret_globals: {'master_model_container', 'fold_generator', 'experiment__', 'n_jobs_param', 'seed', 'fix_imbalance_method_param', 'fold_param', 'exp_name_log', 'log_plots_param', '_all_models', '_all_metrics', 'imputation_regressor', 'html_param', 'transform_target_method_param', 'USI', 'fix_imbalance_param', 'fold_groups_param', '_internal_pipeline', 'stratify_param', 'pycaret_globals', 'X', 'prep_pipe', 'gpu_param', 'display_container', 'fold_groups_param_full', 'data_before_preprocess', '_available_plots', 'logging_param', '_ml_usecase', 'imputation_classifier', 'fold_shuffle_param', '_gpu_n_jobs_param', 'create_model_container', 'iterative_imputation_iters_param', 'target_param', '_all_models_internal', 'transform_target_param'}
2021-10-08 15:18:33,224:INFO:Preparing display monitor
2021-10-08 15:18:33,224:INFO:Preparing display monitor
2021-10-08 15:18:33,253:INFO:Importing libraries
2021-10-08 15:18:33,254:INFO:Copying data for preprocessing
2021-10-08 15:18:33,268:INFO:Declaring preprocessing parameters
2021-10-08 15:18:33,272:INFO:Creating preprocessing pipeline
2021-10-08 15:18:33,281:INFO:Preprocessing pipeline created successfully
2021-10-08 15:18:33,281:ERROR:(Process Exit): setup has been interupted with user command 'quit'. setup must rerun.
2021-10-08 15:18:33,281:INFO:Creating global containers
2021-10-08 15:18:33,282:INFO:Internal pipeline: Pipeline(memory=None, steps=[('empty_step', 'passthrough')], verbose=False)
2021-10-08 15:18:33,371:INFO:Creating grid variables
2021-10-08 15:18:33,385:INFO:create_model_container: 0
2021-10-08 15:18:33,385:INFO:master_model_container: 0
2021-10-08 15:18:33,386:INFO:display_container: 1
2021-10-08 15:18:33,390:INFO:Pipeline(memory=None,
         steps=[('dtypes',
                 DataTypes_Auto_infer(categorical_features=[],
                                      display_types=False, features_todrop=[],
                                      id_columns=['CustomerID'],
                                      ml_usecase='regression',
                                      numerical_features=[],
                                      target='UNSUPERVISED_DUMMY_TARGET',
                                      time_features=[])),
                ('imputer',
                 Simple_Imputer(categorical_strategy='most frequent',
                                fill_value_categorical=None,
                                fill_value_n...
                ('scaling', 'passthrough'), ('P_transform', 'passthrough'),
                ('binn', 'passthrough'), ('rem_outliers', 'passthrough'),
                ('cluster_all', 'passthrough'),
                ('dummy', Dummify(target='UNSUPERVISED_DUMMY_TARGET')),
                ('fix_perfect', 'passthrough'),
                ('clean_names', Clean_Colum_Names()),
                ('feature_select', 'passthrough'), ('fix_multi', 'passthrough'),
                ('dfs', 'passthrough'), ('pca', 'passthrough')],
         verbose=False)
2021-10-08 15:18:33,390:INFO:setup() succesfully completed......................................
2021-10-08 15:19:25,133:INFO:Initializing create_model()
2021-10-08 15:19:25,133:INFO:create_model(estimator=kmeans, num_clusters=4, fraction=0.05, ground_truth=None, round=4, fit_kwargs=None, verbose=True, system=True, raise_num_clusters=False, display=None, kwargs={})
2021-10-08 15:19:25,134:INFO:Checking exceptions
2021-10-08 15:19:25,134:INFO:Preparing display monitor
2021-10-08 15:19:25,186:INFO:Importing libraries
2021-10-08 15:19:25,201:INFO:Importing untrained model
2021-10-08 15:19:25,219:INFO:K-Means Clustering Imported succesfully
2021-10-08 15:19:25,235:INFO:Fitting Model
2021-10-08 15:19:25,322:INFO:KMeans(algorithm='auto', copy_x=True, init='k-means++', max_iter=300,
       n_clusters=4, n_init=10, n_jobs=-1, precompute_distances='deprecated',
       random_state=8633, tol=0.0001, verbose=0)
2021-10-08 15:19:25,322:INFO:create_models() succesfully completed......................................
2021-10-08 15:19:25,323:INFO:Uploading results into container
2021-10-08 15:19:25,327:INFO:Uploading model into container now
2021-10-08 15:19:25,338:INFO:create_model_container: 1
2021-10-08 15:19:25,339:INFO:master_model_container: 1
2021-10-08 15:19:25,339:INFO:display_container: 2
2021-10-08 15:19:25,339:INFO:KMeans(algorithm='auto', copy_x=True, init='k-means++', max_iter=300,
       n_clusters=4, n_init=10, n_jobs=-1, precompute_distances='deprecated',
       random_state=8633, tol=0.0001, verbose=0)
2021-10-08 15:19:25,339:INFO:create_model() succesfully completed......................................
2021-10-08 15:19:25,856:INFO:Initializing plot_model()
2021-10-08 15:19:25,856:INFO:plot_model(plot=cluster, fold=None, use_train_data=False, verbose=True, is_in_evaluate=False, display=None, display_format=None, estimator=KMeans(algorithm='auto', copy_x=True, init='k-means++', max_iter=300,
       n_clusters=4, n_init=10, n_jobs=-1, precompute_distances='deprecated',
       random_state=8633, tol=0.0001, verbose=0), feature_name=None, fit_kwargs=None, groups=None, label=False, save=False, scale=1, system=True)
2021-10-08 15:19:25,856:INFO:Checking exceptions
2021-10-08 15:19:25,856:INFO:Preparing display monitor
2021-10-08 15:19:25,876:INFO:Preloading libraries
2021-10-08 15:19:25,879:INFO:Copying training dataset
2021-10-08 15:19:25,879:INFO:Plot type: cluster
2021-10-08 15:19:26,069:INFO:SubProcess assign_model() called ==================================
2021-10-08 15:19:26,071:INFO:Initializing assign_model()
2021-10-08 15:19:26,071:INFO:assign_model(model=Pipeline(memory=None,
         steps=[('empty_step', 'passthrough'),
                ('actual_estimator',
                 KMeans(algorithm='auto', copy_x=True, init='k-means++',
                        max_iter=300, n_clusters=4, n_init=10, n_jobs=-1,
                        precompute_distances='deprecated', random_state=8633,
                        tol=0.0001, verbose=0))],
         verbose=False), transformation=True, score=True, verbose=False)
2021-10-08 15:19:26,071:INFO:Checking exceptions
2021-10-08 15:19:26,071:INFO:Determining Trained Model
2021-10-08 15:19:26,072:INFO:Trained Model : K-Means Clustering
2021-10-08 15:19:26,072:INFO:Copying data
2021-10-08 15:19:26,073:INFO:Transformation param set to True. Assigned clusters are attached on transformed dataset.
2021-10-08 15:19:26,074:INFO:(200, 10)
2021-10-08 15:19:26,075:INFO:assign_model() succesfully completed......................................
2021-10-08 15:19:26,075:INFO:SubProcess assign_model() end ==================================
2021-10-08 15:19:26,082:INFO:Fitting PCA()
2021-10-08 15:19:26,170:INFO:Sorting dataframe
2021-10-08 15:19:26,176:INFO:Rendering Visual
2021-10-08 15:19:28,572:INFO:Visual Rendered Successfully
2021-10-08 15:19:28,968:INFO:plot_model() succesfully completed......................................
2021-10-08 15:19:34,962:INFO:Initializing evaluate_model()
2021-10-08 15:19:34,962:INFO:evaluate_model(estimator=KMeans(algorithm='auto', copy_x=True, init='k-means++', max_iter=300,
       n_clusters=4, n_init=10, n_jobs=-1, precompute_distances='deprecated',
       random_state=8633, tol=0.0001, verbose=0), fold=None, fit_kwargs=None, feature_name=None, groups=None, use_train_data=False)
2021-10-08 15:19:35,010:INFO:Initializing plot_model()
2021-10-08 15:19:35,010:INFO:plot_model(plot=cluster, fold=KFold(n_splits=10, random_state=None, shuffle=False), use_train_data=False, verbose=True, is_in_evaluate=True, display=None, display_format=None, estimator=KMeans(algorithm='auto', copy_x=True, init='k-means++', max_iter=300,
       n_clusters=4, n_init=10, n_jobs=-1, precompute_distances='deprecated',
       random_state=8633, tol=0.0001, verbose=0), feature_name=None, fit_kwargs={}, groups=None, label=False, save=False, scale=1, system=True)
2021-10-08 15:19:35,010:INFO:Checking exceptions
2021-10-08 15:19:35,011:INFO:Preparing display monitor
2021-10-08 15:19:36,020:INFO:Preloading libraries
2021-10-08 15:19:36,027:INFO:Copying training dataset
2021-10-08 15:19:36,027:INFO:Plot type: cluster
2021-10-08 15:19:36,030:INFO:SubProcess assign_model() called ==================================
2021-10-08 15:19:36,035:INFO:Initializing assign_model()
2021-10-08 15:19:36,035:INFO:assign_model(model=Pipeline(memory=None,
         steps=[('empty_step', 'passthrough'),
                ('actual_estimator',
                 KMeans(algorithm='auto', copy_x=True, init='k-means++',
                        max_iter=300, n_clusters=4, n_init=10, n_jobs=-1,
                        precompute_distances='deprecated', random_state=8633,
                        tol=0.0001, verbose=0))],
         verbose=False), transformation=True, score=True, verbose=False)
2021-10-08 15:19:36,035:INFO:Checking exceptions
2021-10-08 15:19:36,035:INFO:Determining Trained Model
2021-10-08 15:19:36,036:INFO:Trained Model : K-Means Clustering
2021-10-08 15:19:36,036:INFO:Copying data
2021-10-08 15:19:36,036:INFO:Transformation param set to True. Assigned clusters are attached on transformed dataset.
2021-10-08 15:19:36,039:INFO:(200, 10)
2021-10-08 15:19:36,040:INFO:assign_model() succesfully completed......................................
2021-10-08 15:19:36,040:INFO:SubProcess assign_model() end ==================================
2021-10-08 15:19:36,045:INFO:Fitting PCA()
2021-10-08 15:19:36,106:INFO:Sorting dataframe
2021-10-08 15:19:36,115:INFO:Rendering Visual
2021-10-08 15:19:36,705:INFO:Visual Rendered Successfully
2021-10-08 15:19:37,526:INFO:plot_model() succesfully completed......................................
2021-10-08 15:20:04,691:INFO:Initializing plot_model()
2021-10-08 15:20:04,691:INFO:plot_model(plot=tsne, fold=None, use_train_data=False, verbose=True, is_in_evaluate=False, display=None, display_format=None, estimator=KMeans(algorithm='auto', copy_x=True, init='k-means++', max_iter=300,
       n_clusters=4, n_init=10, n_jobs=-1, precompute_distances='deprecated',
       random_state=8633, tol=0.0001, verbose=0), feature_name=None, fit_kwargs=None, groups=None, label=False, save=False, scale=1, system=True)
2021-10-08 15:20:04,691:INFO:Checking exceptions
2021-10-08 15:20:04,691:INFO:Preparing display monitor
2021-10-08 15:20:04,701:INFO:Preloading libraries
2021-10-08 15:20:04,703:INFO:Copying training dataset
2021-10-08 15:20:04,703:INFO:Plot type: tsne
2021-10-08 15:20:04,705:INFO:SubProcess assign_model() called ==================================
2021-10-08 15:20:04,707:INFO:Initializing assign_model()
2021-10-08 15:20:04,708:INFO:assign_model(model=Pipeline(memory=None,
         steps=[('empty_step', 'passthrough'),
                ('actual_estimator',
                 KMeans(algorithm='auto', copy_x=True, init='k-means++',
                        max_iter=300, n_clusters=4, n_init=10, n_jobs=-1,
                        precompute_distances='deprecated', random_state=8633,
                        tol=0.0001, verbose=0))],
         verbose=False), transformation=True, score=False, verbose=False)
2021-10-08 15:20:04,708:INFO:Checking exceptions
2021-10-08 15:20:04,708:INFO:Determining Trained Model
2021-10-08 15:20:04,709:INFO:Trained Model : K-Means Clustering
2021-10-08 15:20:04,709:INFO:Copying data
2021-10-08 15:20:04,709:INFO:Transformation param set to True. Assigned clusters are attached on transformed dataset.
2021-10-08 15:20:04,711:INFO:(200, 10)
2021-10-08 15:20:04,712:INFO:assign_model() succesfully completed......................................
2021-10-08 15:20:04,712:INFO:SubProcess assign_model() end ==================================
2021-10-08 15:20:04,713:INFO:Fitting TSNE()
2021-10-08 15:20:08,288:INFO:Sorting dataframe
2021-10-08 15:20:08,294:INFO:Rendering Visual
2021-10-08 15:20:08,494:INFO:Visual Rendered Successfully
2021-10-08 15:20:08,935:INFO:plot_model() succesfully completed......................................
2021-10-08 15:20:38,449:INFO:Initializing plot_model()
2021-10-08 15:20:38,449:INFO:plot_model(plot=elbow, fold=None, use_train_data=False, verbose=True, is_in_evaluate=False, display=None, display_format=None, estimator=KMeans(algorithm='auto', copy_x=True, init='k-means++', max_iter=300,
       n_clusters=4, n_init=10, n_jobs=-1, precompute_distances='deprecated',
       random_state=8633, tol=0.0001, verbose=0), feature_name=None, fit_kwargs=None, groups=None, label=False, save=False, scale=1, system=True)
2021-10-08 15:20:38,449:INFO:Checking exceptions
2021-10-08 15:20:38,449:INFO:Preparing display monitor
2021-10-08 15:20:38,458:INFO:Preloading libraries
2021-10-08 15:20:38,460:INFO:Copying training dataset
2021-10-08 15:20:38,461:INFO:Plot type: elbow
2021-10-08 15:20:38,524:INFO:Fitting Model
2021-10-08 15:20:40,219:INFO:Visual Rendered Successfully
2021-10-08 15:20:40,579:INFO:plot_model() succesfully completed......................................
2021-10-08 15:20:59,528:INFO:Initializing plot_model()
2021-10-08 15:20:59,528:INFO:plot_model(plot=silhouette, fold=None, use_train_data=False, verbose=True, is_in_evaluate=False, display=None, display_format=None, estimator=KMeans(algorithm='auto', copy_x=True, init='k-means++', max_iter=300,
       n_clusters=4, n_init=10, n_jobs=-1, precompute_distances='deprecated',
       random_state=8633, tol=0.0001, verbose=0), feature_name=None, fit_kwargs=None, groups=None, label=False, save=False, scale=1, system=True)
2021-10-08 15:20:59,529:INFO:Checking exceptions
2021-10-08 15:20:59,529:INFO:Preparing display monitor
2021-10-08 15:20:59,540:INFO:Preloading libraries
2021-10-08 15:20:59,543:INFO:Copying training dataset
2021-10-08 15:20:59,543:INFO:Plot type: silhouette
2021-10-08 15:20:59,546:INFO:Fitting Model
2021-10-08 15:20:59,846:INFO:Visual Rendered Successfully
2021-10-08 15:21:00,293:INFO:plot_model() succesfully completed......................................
2021-10-08 15:21:39,921:INFO:Initializing create_model()
2021-10-08 15:21:39,921:INFO:create_model(estimator=kmeans, num_clusters=5, fraction=0.05, ground_truth=None, round=4, fit_kwargs=None, verbose=True, system=True, raise_num_clusters=False, display=None, kwargs={})
2021-10-08 15:21:39,921:INFO:Checking exceptions
2021-10-08 15:21:39,922:INFO:Preparing display monitor
2021-10-08 15:21:39,952:INFO:Importing libraries
2021-10-08 15:21:39,967:INFO:Importing untrained model
2021-10-08 15:21:39,981:INFO:K-Means Clustering Imported succesfully
2021-10-08 15:21:39,996:INFO:Fitting Model
2021-10-08 15:21:40,079:INFO:KMeans(algorithm='auto', copy_x=True, init='k-means++', max_iter=300,
       n_clusters=5, n_init=10, n_jobs=-1, precompute_distances='deprecated',
       random_state=8633, tol=0.0001, verbose=0)
2021-10-08 15:21:40,079:INFO:create_models() succesfully completed......................................
2021-10-08 15:21:40,080:INFO:Uploading results into container
2021-10-08 15:21:40,084:INFO:Uploading model into container now
2021-10-08 15:21:40,095:INFO:create_model_container: 2
2021-10-08 15:21:40,096:INFO:master_model_container: 2
2021-10-08 15:21:40,096:INFO:display_container: 3
2021-10-08 15:21:40,096:INFO:KMeans(algorithm='auto', copy_x=True, init='k-means++', max_iter=300,
       n_clusters=5, n_init=10, n_jobs=-1, precompute_distances='deprecated',
       random_state=8633, tol=0.0001, verbose=0)
2021-10-08 15:21:40,096:INFO:create_model() succesfully completed......................................
2021-10-08 15:21:52,445:INFO:Initializing create_model()
2021-10-08 15:21:52,445:INFO:create_model(estimator=kmeans, num_clusters=5, fraction=0.05, ground_truth=None, round=4, fit_kwargs=None, verbose=True, system=True, raise_num_clusters=False, display=None, kwargs={})
2021-10-08 15:21:52,445:INFO:Checking exceptions
2021-10-08 15:21:52,446:INFO:Preparing display monitor
2021-10-08 15:21:52,477:INFO:Importing libraries
2021-10-08 15:21:52,490:INFO:Importing untrained model
2021-10-08 15:21:52,511:INFO:K-Means Clustering Imported succesfully
2021-10-08 15:21:52,525:INFO:Fitting Model
2021-10-08 15:21:52,611:INFO:KMeans(algorithm='auto', copy_x=True, init='k-means++', max_iter=300,
       n_clusters=5, n_init=10, n_jobs=-1, precompute_distances='deprecated',
       random_state=8633, tol=0.0001, verbose=0)
2021-10-08 15:21:52,611:INFO:create_models() succesfully completed......................................
2021-10-08 15:21:52,612:INFO:Uploading results into container
2021-10-08 15:21:52,615:INFO:Uploading model into container now
2021-10-08 15:21:52,625:INFO:create_model_container: 3
2021-10-08 15:21:52,626:INFO:master_model_container: 3
2021-10-08 15:21:52,627:INFO:display_container: 4
2021-10-08 15:21:52,628:INFO:KMeans(algorithm='auto', copy_x=True, init='k-means++', max_iter=300,
       n_clusters=5, n_init=10, n_jobs=-1, precompute_distances='deprecated',
       random_state=8633, tol=0.0001, verbose=0)
2021-10-08 15:21:52,628:INFO:create_model() succesfully completed......................................
2021-10-08 15:21:53,239:INFO:Initializing plot_model()
2021-10-08 15:21:53,239:INFO:plot_model(plot=cluster, fold=None, use_train_data=False, verbose=True, is_in_evaluate=False, display=None, display_format=None, estimator=KMeans(algorithm='auto', copy_x=True, init='k-means++', max_iter=300,
       n_clusters=5, n_init=10, n_jobs=-1, precompute_distances='deprecated',
       random_state=8633, tol=0.0001, verbose=0), feature_name=None, fit_kwargs=None, groups=None, label=False, save=False, scale=1, system=True)
2021-10-08 15:21:53,239:INFO:Checking exceptions
2021-10-08 15:21:53,240:INFO:Preparing display monitor
2021-10-08 15:21:53,247:INFO:Preloading libraries
2021-10-08 15:21:53,251:INFO:Copying training dataset
2021-10-08 15:21:53,251:INFO:Plot type: cluster
2021-10-08 15:21:53,252:INFO:SubProcess assign_model() called ==================================
2021-10-08 15:21:53,255:INFO:Initializing assign_model()
2021-10-08 15:21:53,255:INFO:assign_model(model=Pipeline(memory=None,
         steps=[('empty_step', 'passthrough'),
                ('actual_estimator',
                 KMeans(algorithm='auto', copy_x=True, init='k-means++',
                        max_iter=300, n_clusters=5, n_init=10, n_jobs=-1,
                        precompute_distances='deprecated', random_state=8633,
                        tol=0.0001, verbose=0))],
         verbose=False), transformation=True, score=True, verbose=False)
2021-10-08 15:21:53,255:INFO:Checking exceptions
2021-10-08 15:21:53,255:INFO:Determining Trained Model
2021-10-08 15:21:53,256:INFO:Trained Model : K-Means Clustering
2021-10-08 15:21:53,256:INFO:Copying data
2021-10-08 15:21:53,256:INFO:Transformation param set to True. Assigned clusters are attached on transformed dataset.
2021-10-08 15:21:53,257:INFO:(200, 10)
2021-10-08 15:21:53,258:INFO:assign_model() succesfully completed......................................
2021-10-08 15:21:53,258:INFO:SubProcess assign_model() end ==================================
2021-10-08 15:21:53,262:INFO:Fitting PCA()
2021-10-08 15:21:53,265:INFO:Sorting dataframe
2021-10-08 15:21:53,269:INFO:Rendering Visual
2021-10-08 15:21:53,365:INFO:Visual Rendered Successfully
2021-10-08 15:21:53,891:INFO:plot_model() succesfully completed......................................
2021-10-08 15:22:10,109:INFO:Initializing plot_model()
2021-10-08 15:22:10,109:INFO:plot_model(plot=tsne, fold=None, use_train_data=False, verbose=True, is_in_evaluate=False, display=None, display_format=None, estimator=KMeans(algorithm='auto', copy_x=True, init='k-means++', max_iter=300,
       n_clusters=5, n_init=10, n_jobs=-1, precompute_distances='deprecated',
       random_state=8633, tol=0.0001, verbose=0), feature_name=None, fit_kwargs=None, groups=None, label=False, save=False, scale=1, system=True)
2021-10-08 15:22:10,109:INFO:Checking exceptions
2021-10-08 15:22:10,110:INFO:Preparing display monitor
2021-10-08 15:22:10,125:INFO:Preloading libraries
2021-10-08 15:22:10,127:INFO:Copying training dataset
2021-10-08 15:22:10,128:INFO:Plot type: tsne
2021-10-08 15:22:10,129:INFO:SubProcess assign_model() called ==================================
2021-10-08 15:22:10,133:INFO:Initializing assign_model()
2021-10-08 15:22:10,133:INFO:assign_model(model=Pipeline(memory=None,
         steps=[('empty_step', 'passthrough'),
                ('actual_estimator',
                 KMeans(algorithm='auto', copy_x=True, init='k-means++',
                        max_iter=300, n_clusters=5, n_init=10, n_jobs=-1,
                        precompute_distances='deprecated', random_state=8633,
                        tol=0.0001, verbose=0))],
         verbose=False), transformation=True, score=False, verbose=False)
2021-10-08 15:22:10,133:INFO:Checking exceptions
2021-10-08 15:22:10,133:INFO:Determining Trained Model
2021-10-08 15:22:10,134:INFO:Trained Model : K-Means Clustering
2021-10-08 15:22:10,134:INFO:Copying data
2021-10-08 15:22:10,134:INFO:Transformation param set to True. Assigned clusters are attached on transformed dataset.
2021-10-08 15:22:10,136:INFO:(200, 10)
2021-10-08 15:22:10,136:INFO:assign_model() succesfully completed......................................
2021-10-08 15:22:10,137:INFO:SubProcess assign_model() end ==================================
2021-10-08 15:22:10,138:INFO:Fitting TSNE()
2021-10-08 15:22:14,174:INFO:Sorting dataframe
2021-10-08 15:22:14,178:INFO:Rendering Visual
2021-10-08 15:22:14,326:INFO:Visual Rendered Successfully
2021-10-08 15:22:14,786:INFO:plot_model() succesfully completed......................................
2021-10-08 15:22:46,299:INFO:Initializing plot_model()
2021-10-08 15:22:46,300:INFO:plot_model(plot=silhouetter, fold=None, use_train_data=False, verbose=True, is_in_evaluate=False, display=None, display_format=None, estimator=KMeans(algorithm='auto', copy_x=True, init='k-means++', max_iter=300,
       n_clusters=5, n_init=10, n_jobs=-1, precompute_distances='deprecated',
       random_state=8633, tol=0.0001, verbose=0), feature_name=None, fit_kwargs=None, groups=None, label=False, save=False, scale=1, system=True)
2021-10-08 15:22:46,300:INFO:Checking exceptions
2021-10-08 15:22:48,633:INFO:Initializing plot_model()
2021-10-08 15:22:48,633:INFO:plot_model(plot=silhouette, fold=None, use_train_data=False, verbose=True, is_in_evaluate=False, display=None, display_format=None, estimator=KMeans(algorithm='auto', copy_x=True, init='k-means++', max_iter=300,
       n_clusters=5, n_init=10, n_jobs=-1, precompute_distances='deprecated',
       random_state=8633, tol=0.0001, verbose=0), feature_name=None, fit_kwargs=None, groups=None, label=False, save=False, scale=1, system=True)
2021-10-08 15:22:48,633:INFO:Checking exceptions
2021-10-08 15:22:48,633:INFO:Preparing display monitor
2021-10-08 15:22:48,651:INFO:Preloading libraries
2021-10-08 15:22:48,653:INFO:Copying training dataset
2021-10-08 15:22:48,654:INFO:Plot type: silhouette
2021-10-08 15:22:48,658:INFO:Fitting Model
2021-10-08 15:22:49,041:INFO:Visual Rendered Successfully
2021-10-08 15:22:49,645:INFO:plot_model() succesfully completed......................................
